<?xml version="1.0" encoding="UTF-8"?>
<!-- Generated by org.testng.reporters.JUnitReportReporter -->
<testsuite skipped="0" hostname="DESKTOP-T6AQG6D" name="Test.NewTest" tests="2" failures="0" timestamp="15 Jul 2020 05:30:16 GMT" time="2.822" errors="0">
  <testcase name="login" time="1.567" classname="Test.NewTest"/>
  <testcase name="logout" time="1.255" classname="Test.NewTest"/>
</testsuite> <!-- Test.NewTest -->
